** Daemonized, any open files are closed.  Look at /Users/sdang/Projects/bbrails/sites/nedocs/log/locomotive.pid and log/mongrel.log for info.
** Starting Mongrel listening at 0.0.0.0:3001
** Starting Rails with development environment...
ERROR: Could not load RMagick. CAPTCHA plugin not available.
** Rails loaded.
** Loading any Rails specific GemPlugins
** Signals ready.  TERM => stop.  USR2 => restart.  INT => stop (no restart).
** Rails signals registered.  HUP => reload (without restart).  It might not work well.
** Mongrel available at 0.0.0.0:3001
** Writing PID file to /Users/sdang/Projects/bbrails/sites/nedocs/log/locomotive.pid
** TERM signal received.
** Daemonized, any open files are closed.  Look at /Users/sdang/Projects/bbrails/sites/nedocs/log/locomotive.pid and log/mongrel.log for info.
** Starting Mongrel listening at 0.0.0.0:3001
** Starting Rails with development environment...
/Users/sdang/Projects/bbrails/sites/nedocs/config/../../../config/boot.rb:38:Warning: require_gem is obsolete.  Use gem instead.
/Applications/Locomotive2/Bundles/standardRailsMar2007.locobundle/i386/lib/ruby/gems/1.8/gems/activesupport-1.4.2/lib/active_support/dependencies.rb:488:in `load': no such file to load -- /Users/sdang/Projects/bbrails/sites/nedocs/config/../../../config/../config/routes.rb (MissingSourceFile)
	from /Applications/Locomotive2/Bundles/standardRailsMar2007.locobundle/i386/lib/ruby/gems/1.8/gems/activesupport-1.4.2/lib/active_support/dependencies.rb:488:in `load'
	from /Applications/Locomotive2/Bundles/standardRailsMar2007.locobundle/i386/lib/ruby/gems/1.8/gems/activesupport-1.4.2/lib/active_support/dependencies.rb:342:in `new_constants_in'
	from /Applications/Locomotive2/Bundles/standardRailsMar2007.locobundle/i386/lib/ruby/gems/1.8/gems/activesupport-1.4.2/lib/active_support/dependencies.rb:488:in `load'
	from /Applications/Locomotive2/Bundles/standardRailsMar2007.locobundle/i386/lib/ruby/gems/1.8/gems/actionpack-1.13.3/lib/action_controller/routing.rb:1165:in `load_routes!'
	from /Applications/Locomotive2/Bundles/standardRailsMar2007.locobundle/i386/lib/ruby/gems/1.8/gems/actionpack-1.13.3/lib/action_controller/routing.rb:1157:in `reload'
	from /Applications/Locomotive2/Bundles/standardRailsMar2007.locobundle/i386/lib/ruby/gems/1.8/gems/rails-1.2.3/lib/initializer.rb:287:in `initialize_routing'
	from /Applications/Locomotive2/Bundles/standardRailsMar2007.locobundle/i386/lib/ruby/gems/1.8/gems/rails-1.2.3/lib/initializer.rb:111:in `process'
	from /Applications/Locomotive2/Bundles/standardRailsMar2007.locobundle/i386/lib/ruby/gems/1.8/gems/rails-1.2.3/lib/initializer.rb:43:in `send'
	 ... 16 levels...
	from /Applications/Locomotive2/Bundles/standardRailsMar2007.locobundle/i386/lib/ruby/gems/1.8/gems/mongrel-1.0.1/lib/mongrel/command.rb:211:in `run'
	from /Applications/Locomotive2/Bundles/standardRailsMar2007.locobundle/i386/lib/ruby/gems/1.8/gems/mongrel-1.0.1/bin/mongrel_rails:243
	from /Applications/Locomotive2/Bundles/standardRailsMar2007.locobundle/i386/bin/mongrel_rails:16:in `load'
	from /Applications/Locomotive2/Bundles/standardRailsMar2007.locobundle/i386/bin/mongrel_rails:16
** Daemonized, any open files are closed.  Look at /Users/sdang/Projects/bbrails/sites/nedocs/log/locomotive.pid and log/mongrel.log for info.
** Starting Mongrel listening at 0.0.0.0:3001
** Starting Rails with development environment...
ERROR: Could not load RMagick. CAPTCHA plugin not available.
** Rails loaded.
** Loading any Rails specific GemPlugins
** Signals ready.  TERM => stop.  USR2 => restart.  INT => stop (no restart).
** Rails signals registered.  HUP => reload (without restart).  It might not work well.
** Mongrel available at 0.0.0.0:3001
** Writing PID file to /Users/sdang/Projects/bbrails/sites/nedocs/log/locomotive.pid
** Daemonized, any open files are closed.  Look at /Users/sdang/Projects/imagine-framework/sites/nedocs-online/log/locomotive.pid and log/mongrel.log for info.
** Starting Mongrel listening at 0.0.0.0:3000
** Starting Rails with development environment...
/Users/sdang/Projects/imagine-framework/vendor/rails/activerecord/lib/active_record/connection_adapters/mysql_adapter.rb:505:in `real_connect': Unknown database 'nedocs_development' (Mysql::Error)
	from /Users/sdang/Projects/imagine-framework/vendor/rails/activerecord/lib/active_record/connection_adapters/mysql_adapter.rb:505:in `connect'
	from /Users/sdang/Projects/imagine-framework/vendor/rails/activerecord/lib/active_record/connection_adapters/mysql_adapter.rb:183:in `initialize'
	from /Users/sdang/Projects/imagine-framework/vendor/rails/activerecord/lib/active_record/connection_adapters/mysql_adapter.rb:88:in `new'
	from /Users/sdang/Projects/imagine-framework/vendor/rails/activerecord/lib/active_record/connection_adapters/mysql_adapter.rb:88:in `mysql_connection'
	from /Users/sdang/Projects/imagine-framework/vendor/rails/activerecord/lib/active_record/connection_adapters/abstract/connection_specification.rb:292:in `send'
	from /Users/sdang/Projects/imagine-framework/vendor/rails/activerecord/lib/active_record/connection_adapters/abstract/connection_specification.rb:292:in `connection='
	from /Users/sdang/Projects/imagine-framework/sites/nedocs-online/lib/extensions.rb:109
	from /Applications/Locomotive2/Bundles/standardRailsMar2007.locobundle/i386/lib/ruby/site_ruby/1.8/rubygems/custom_require.rb:27:in `gem_original_require'
	 ... 19 levels...
	from /Applications/Locomotive2/Bundles/standardRailsMar2007.locobundle/i386/lib/ruby/gems/1.8/gems/mongrel-1.0.1/lib/mongrel/command.rb:211:in `run'
	from /Applications/Locomotive2/Bundles/standardRailsMar2007.locobundle/i386/lib/ruby/gems/1.8/gems/mongrel-1.0.1/bin/mongrel_rails:243
	from /Applications/Locomotive2/Bundles/standardRailsMar2007.locobundle/i386/bin/mongrel_rails:16:in `load'
	from /Applications/Locomotive2/Bundles/standardRailsMar2007.locobundle/i386/bin/mongrel_rails:16
** Daemonized, any open files are closed.  Look at /Users/sdang/Projects/imagine-framework/sites/nedocs-online/log/locomotive.pid and log/mongrel.log for info.
** Starting Mongrel listening at 0.0.0.0:3000
** Starting Rails with development environment...
/Users/sdang/Projects/imagine-framework/vendor/rails/activerecord/lib/active_record/connection_adapters/mysql_adapter.rb:505:in `real_connect': Unknown database 'nedocs_development' (Mysql::Error)
	from /Users/sdang/Projects/imagine-framework/vendor/rails/activerecord/lib/active_record/connection_adapters/mysql_adapter.rb:505:in `connect'
	from /Users/sdang/Projects/imagine-framework/vendor/rails/activerecord/lib/active_record/connection_adapters/mysql_adapter.rb:183:in `initialize'
	from /Users/sdang/Projects/imagine-framework/vendor/rails/activerecord/lib/active_record/connection_adapters/mysql_adapter.rb:88:in `new'
	from /Users/sdang/Projects/imagine-framework/vendor/rails/activerecord/lib/active_record/connection_adapters/mysql_adapter.rb:88:in `mysql_connection'
	from /Users/sdang/Projects/imagine-framework/vendor/rails/activerecord/lib/active_record/connection_adapters/abstract/connection_specification.rb:292:in `send'
	from /Users/sdang/Projects/imagine-framework/vendor/rails/activerecord/lib/active_record/connection_adapters/abstract/connection_specification.rb:292:in `connection='
	from /Users/sdang/Projects/imagine-framework/sites/nedocs-online/lib/extensions.rb:109
	from /Applications/Locomotive2/Bundles/standardRailsMar2007.locobundle/i386/lib/ruby/site_ruby/1.8/rubygems/custom_require.rb:27:in `gem_original_require'
	 ... 19 levels...
	from /Applications/Locomotive2/Bundles/standardRailsMar2007.locobundle/i386/lib/ruby/gems/1.8/gems/mongrel-1.0.1/lib/mongrel/command.rb:211:in `run'
	from /Applications/Locomotive2/Bundles/standardRailsMar2007.locobundle/i386/lib/ruby/gems/1.8/gems/mongrel-1.0.1/bin/mongrel_rails:243
	from /Applications/Locomotive2/Bundles/standardRailsMar2007.locobundle/i386/bin/mongrel_rails:16:in `load'
	from /Applications/Locomotive2/Bundles/standardRailsMar2007.locobundle/i386/bin/mongrel_rails:16
** Daemonized, any open files are closed.  Look at /Users/sdang/Projects/imagine-framework/sites/nedocs-online/log/locomotive.pid and log/mongrel.log for info.
** Starting Mongrel listening at 0.0.0.0:3000
** Starting Rails with development environment...
** Rails loaded.
** Loading any Rails specific GemPlugins
** Signals ready.  TERM => stop.  USR2 => restart.  INT => stop (no restart).
** Rails signals registered.  HUP => reload (without restart).  It might not work well.
** Mongrel available at 0.0.0.0:3000
** Writing PID file to /Users/sdang/Projects/imagine-framework/sites/nedocs-online/log/locomotive.pid
